# JRE version: Java(TM) SE Runtime Environment (20.0.2+9) (build 20.0.2+9-78)
# Java VM: Java HotSpot(TM) 64-Bit Server VM (20.0.2+9-78, mixed mode, emulated-client, sharing, tiered, compressed oops, compressed class ptrs, g1 gc, windows-amd64)
GC Precious Log:
 CardTable entry size: 512
 Card Set container configuration: InlinePtr #cards 5 size 8 Array Of Cards #cards 12 size 40 Howl #buckets 4 coarsen threshold 1843 Howl Bitmap #cards 512 size 80 coarsen threshold 460 Card regions per heap region 1 cards per card region 2048
 CPUs: 12 total, 12 available
 Memory: 8101M
 Large Page Support: Disabled
 NUMA Support: Disabled
 Compressed Oops: Enabled (32-bit)
 Heap Region Size: 1M
 Heap Min Capacity: 8M
 Heap Initial Capacity: 128M
 Heap Max Capacity: 2026M
 Pre-touch: Disabled
 Parallel Workers: 10
 Concurrent Workers: 3
 Concurrent Refinement Workers: 10
 Periodic GC: Disabled
Heap:
 garbage-first heap   total 58368K, used 26198K [0x0000000081600000, 0x0000000100000000)
  region size 1024K, 4 young (4096K), 2 survivors (2048K)
 Metaspace       used 55468K, committed 56128K, reserved 1114112K
  class space    used 7839K, committed 8128K, reserved 1048576K
GC Heap History (20 events):
Event: 0.605 GC heap before
{Heap before GC invocations=0 (full 0):
 garbage-first heap   total 131072K, used 23552K [0x0000000081600000, 0x0000000100000000)
  region size 1024K, 23 young (23552K), 0 survivors (0K)
 Metaspace       used 7840K, committed 8064K, reserved 1114112K
  class space    used 978K, committed 1088K, reserved 1048576K
}
Event: 0.611 GC heap after
{Heap after GC invocations=1 (full 0):
 garbage-first heap   total 131072K, used 7168K [0x0000000081600000, 0x0000000100000000)
  region size 1024K, 3 young (3072K), 3 survivors (3072K)
 Metaspace       used 7840K, committed 8064K, reserved 1114112K
  class space    used 978K, committed 1088K, reserved 1048576K
}
Event: 0.915 GC heap before
{Heap before GC invocations=1 (full 0):
 garbage-first heap   total 131072K, used 34816K [0x0000000081600000, 0x0000000100000000)
  region size 1024K, 31 young (31744K), 3 survivors (3072K)
 Metaspace       used 14717K, committed 15040K, reserved 1114112K
  class space    used 1879K, committed 2048K, reserved 1048576K
}
Event: 0.921 GC heap after
{Heap after GC invocations=2 (full 0):
 garbage-first heap   total 131072K, used 10265K [0x0000000081600000, 0x0000000100000000)
  region size 1024K, 3 young (3072K), 3 survivors (3072K)
 Metaspace       used 14717K, committed 15040K, reserved 1114112K
  class space    used 1879K, committed 2048K, reserved 1048576K
}
Event: 1.301 GC heap before
{Heap before GC invocations=2 (full 0):
 garbage-first heap   total 131072K, used 42009K [0x0000000081600000, 0x0000000100000000)
  region size 1024K, 35 young (35840K), 3 survivors (3072K)
 Metaspace       used 19646K, committed 19968K, reserved 1114112K
  class space    used 2567K, committed 2688K, reserved 1048576K
}
Event: 1.307 GC heap after
{Heap after GC invocations=3 (full 0):
 garbage-first heap   total 131072K, used 12628K [0x0000000081600000, 0x0000000100000000)
  region size 1024K, 5 young (5120K), 5 survivors (5120K)
 Metaspace       used 19646K, committed 19968K, reserved 1114112K
  class space    used 2567K, committed 2688K, reserved 1048576K
}
Event: 1.603 GC heap before
{Heap before GC invocations=4 (full 0):
 garbage-first heap   total 48128K, used 36180K [0x0000000081600000, 0x0000000100000000)
  region size 1024K, 28 young (28672K), 5 survivors (5120K)
 Metaspace       used 23111K, committed 23616K, reserved 1114112K
  class space    used 3089K, committed 3328K, reserved 1048576K
}
Event: 1.611 GC heap after
{Heap after GC invocations=5 (full 0):
 garbage-first heap   total 48128K, used 14493K [0x0000000081600000, 0x0000000100000000)
  region size 1024K, 2 young (2048K), 2 survivors (2048K)
 Metaspace       used 23111K, committed 23616K, reserved 1114112K
  class space    used 3089K, committed 3328K, reserved 1048576K
}
Event: 1.897 GC heap before
{Heap before GC invocations=5 (full 0):
 garbage-first heap   total 48128K, used 35997K [0x0000000081600000, 0x0000000100000000)
  region size 1024K, 23 young (23552K), 2 survivors (2048K)
 Metaspace       used 27164K, committed 27712K, reserved 1114112K
  class space    used 3660K, committed 3904K, reserved 1048576K
}
Event: 1.902 GC heap after
{Heap after GC invocations=6 (full 0):
 garbage-first heap   total 58368K, used 17072K [0x0000000081600000, 0x0000000100000000)
  region size 1024K, 3 young (3072K), 3 survivors (3072K)
 Metaspace       used 27164K, committed 27712K, reserved 1114112K
  class space    used 3660K, committed 3904K, reserved 1048576K
}
Event: 2.256 GC heap before
{Heap before GC invocations=6 (full 0):
 garbage-first heap   total 58368K, used 41648K [0x0000000081600000, 0x0000000100000000)
  region size 1024K, 29 young (29696K), 3 survivors (3072K)
 Metaspace       used 32762K, committed 33280K, reserved 1114112K
  class space    used 4463K, committed 4672K, reserved 1048576K
}
Event: 2.260 GC heap after
{Heap after GC invocations=7 (full 0):
 garbage-first heap   total 58368K, used 18865K [0x0000000081600000, 0x0000000100000000)
  region size 1024K, 2 young (2048K), 2 survivors (2048K)
 Metaspace       used 32762K, committed 33280K, reserved 1114112K
  class space    used 4463K, committed 4672K, reserved 1048576K
}
Event: 2.718 GC heap before
{Heap before GC invocations=8 (full 0):
 garbage-first heap   total 58368K, used 47537K [0x0000000081600000, 0x0000000100000000)
  region size 1024K, 30 young (30720K), 2 survivors (2048K)
 Metaspace       used 41044K, committed 41728K, reserved 1114112K
  class space    used 5568K, committed 5888K, reserved 1048576K
}
Event: 2.721 GC heap after
{Heap after GC invocations=9 (full 0):
 garbage-first heap   total 58368K, used 20592K [0x0000000081600000, 0x0000000100000000)
  region size 1024K, 4 young (4096K), 4 survivors (4096K)
 Metaspace       used 41044K, committed 41728K, reserved 1114112K
  class space    used 5568K, committed 5888K, reserved 1048576K
}
Event: 3.215 GC heap before
{Heap before GC invocations=9 (full 0):
 garbage-first heap   total 58368K, used 48240K [0x0000000081600000, 0x0000000100000000)
  region size 1024K, 31 young (31744K), 4 survivors (4096K)
 Metaspace       used 48690K, committed 49408K, reserved 1114112K
  class space    used 6834K, committed 7168K, reserved 1048576K
}
Event: 3.218 GC heap after
{Heap after GC invocations=10 (full 0):
 garbage-first heap   total 58368K, used 21584K [0x0000000081600000, 0x0000000100000000)
  region size 1024K, 4 young (4096K), 4 survivors (4096K)
 Metaspace       used 48690K, committed 49408K, reserved 1114112K
  class space    used 6834K, committed 7168K, reserved 1048576K
}
Event: 3.509 GC heap before
{Heap before GC invocations=10 (full 0):
 garbage-first heap   total 58368K, used 49232K [0x0000000081600000, 0x0000000100000000)
  region size 1024K, 31 young (31744K), 4 survivors (4096K)
 Metaspace       used 53883K, committed 54592K, reserved 1114112K
  class space    used 7557K, committed 7872K, reserved 1048576K
}
Event: 3.513 GC heap after
{Heap after GC invocations=11 (full 0):
 garbage-first heap   total 58368K, used 23983K [0x0000000081600000, 0x0000000100000000)
  region size 1024K, 4 young (4096K), 4 survivors (4096K)
 Metaspace       used 53883K, committed 54592K, reserved 1114112K
  class space    used 7557K, committed 7872K, reserved 1048576K
}
Event: 3.589 GC heap before
{Heap before GC invocations=11 (full 0):
 garbage-first heap   total 58368K, used 37295K [0x0000000081600000, 0x0000000100000000)
  region size 1024K, 19 young (19456K), 4 survivors (4096K)
 Metaspace       used 55116K, committed 55808K, reserved 1114112K
  class space    used 7805K, committed 8064K, reserved 1048576K
}
Event: 3.592 GC heap after
{Heap after GC invocations=12 (full 0):
 garbage-first heap   total 58368K, used 25174K [0x0000000081600000, 0x0000000100000000)
  region size 1024K, 2 young (2048K), 2 survivors (2048K)
 Metaspace       used 55116K, committed 55808K, reserved 1114112K
  class space    used 7805K, committed 8064K, reserved 1048576K
}

